# JRE version: OpenJDK Runtime Environment (11.0.13) (build 11.0.13+0-b1751.21-8125866)
# Java VM: OpenJDK 64-Bit Server VM (11.0.13+0-b1751.21-8125866, mixed mode, tiered, compressed oops, g1 gc, windows-amd64)
Heap:
 garbage-first heap   total 630784K, used 39676K [0x0000000600c00000, 0x0000000800000000)
  region size 2048K, 8 young (16384K), 8 survivors (16384K)
 Metaspace       used 57207K, capacity 57888K, committed 58112K, reserved 1099776K
  class space    used 6568K, capacity 6848K, committed 6912K, reserved 1048576K
GC Heap History (13 events):
Event: 0.740 GC heap before
{Heap before GC invocations=0 (full 0):
 garbage-first heap   total 524288K, used 26624K [0x0000000600c00000, 0x0000000800000000)
  region size 2048K, 12 young (24576K), 0 survivors (0K)
 Metaspace       used 11700K, capacity 11826K, committed 11904K, reserved 1060864K
  class space    used 1063K, capacity 1109K, committed 1152K, reserved 1048576K
}
Event: 0.742 GC heap after
{Heap after GC invocations=1 (full 0):
 garbage-first heap   total 524288K, used 6564K [0x0000000600c00000, 0x0000000800000000)
  region size 2048K, 2 young (4096K), 2 survivors (4096K)
 Metaspace       used 11700K, capacity 11826K, committed 11904K, reserved 1060864K
  class space    used 1063K, capacity 1109K, committed 1152K, reserved 1048576K
}
Event: 1.511 GC heap before
{Heap before GC invocations=1 (full 0):
 garbage-first heap   total 524288K, used 41380K [0x0000000600c00000, 0x0000000800000000)
  region size 2048K, 19 young (38912K), 2 survivors (4096K)
 Metaspace       used 19472K, capacity 19728K, committed 19840K, reserved 1067008K
  class space    used 2049K, capacity 2133K, committed 2176K, reserved 1048576K
}
Event: 1.516 GC heap after
{Heap after GC invocations=2 (full 0):
 garbage-first heap   total 524288K, used 10244K [0x0000000600c00000, 0x0000000800000000)
  region size 2048K, 3 young (6144K), 3 survivors (6144K)
 Metaspace       used 19472K, capacity 19728K, committed 19840K, reserved 1067008K
  class space    used 2049K, capacity 2133K, committed 2176K, reserved 1048576K
}
Event: 1.586 GC heap before
{Heap before GC invocations=2 (full 0):
 garbage-first heap   total 524288K, used 14340K [0x0000000600c00000, 0x0000000800000000)
  region size 2048K, 6 young (12288K), 3 survivors (6144K)
 Metaspace       used 20694K, capacity 20983K, committed 21248K, reserved 1069056K
  class space    used 2187K, capacity 2276K, committed 2304K, reserved 1048576K
}
Event: 1.596 GC heap after
{Heap after GC invocations=3 (full 0):
 garbage-first heap   total 524288K, used 10658K [0x0000000600c00000, 0x0000000800000000)
  region size 2048K, 4 young (8192K), 4 survivors (8192K)
 Metaspace       used 20694K, capacity 20983K, committed 21248K, reserved 1069056K
  class space    used 2187K, capacity 2276K, committed 2304K, reserved 1048576K
}
Event: 2.986 GC heap before
{Heap before GC invocations=4 (full 0):
 garbage-first heap   total 524288K, used 74146K [0x0000000600c00000, 0x0000000800000000)
  region size 2048K, 32 young (65536K), 4 survivors (8192K)
 Metaspace       used 33438K, capacity 33963K, committed 34176K, reserved 1079296K
  class space    used 4188K, capacity 4382K, committed 4480K, reserved 1048576K
}
Event: 2.996 GC heap after
{Heap after GC invocations=5 (full 0):
 garbage-first heap   total 524288K, used 23631K [0x0000000600c00000, 0x0000000800000000)
  region size 2048K, 4 young (8192K), 4 survivors (8192K)
 Metaspace       used 33438K, capacity 33963K, committed 34176K, reserved 1079296K
  class space    used 4188K, capacity 4382K, committed 4480K, reserved 1048576K
}
Event: 3.121 GC heap before
{Heap before GC invocations=5 (full 0):
 garbage-first heap   total 524288K, used 27727K [0x0000000600c00000, 0x0000000800000000)
  region size 2048K, 7 young (14336K), 4 survivors (8192K)
 Metaspace       used 34984K, capacity 35467K, committed 35584K, reserved 1081344K
  class space    used 4348K, capacity 4542K, committed 4608K, reserved 1048576K
}
Event: 3.134 GC heap after
{Heap after GC invocations=6 (full 0):
 garbage-first heap   total 524288K, used 24507K [0x0000000600c00000, 0x0000000800000000)
  region size 2048K, 5 young (10240K), 5 survivors (10240K)
 Metaspace       used 34984K, capacity 35467K, committed 35584K, reserved 1081344K
  class space    used 4348K, capacity 4542K, committed 4608K, reserved 1048576K
}
Event: 3.563 GC heap before
{Heap before GC invocations=7 (full 0):
 garbage-first heap   total 524288K, used 44987K [0x0000000600c00000, 0x0000000800000000)
  region size 2048K, 15 young (30720K), 5 survivors (10240K)
 Metaspace       used 38268K, capacity 38756K, committed 39040K, reserved 1083392K
  class space    used 4698K, capacity 4870K, committed 4992K, reserved 1048576K
}
Event: 3.570 GC heap after
{Heap after GC invocations=8 (full 0):
 garbage-first heap   total 524288K, used 25077K [0x0000000600c00000, 0x0000000800000000)
  region size 2048K, 2 young (4096K), 2 survivors (4096K)
 Metaspace       used 38268K, capacity 38756K, committed 39040K, reserved 1083392K
  class space    used 4698K, capacity 4870K, committed 4992K, reserved 1048576K
}
Event: 6.568 GC heap before
{Heap before GC invocations=8 (full 0):
 garbage-first heap   total 524288K, used 150005K [0x0000000600c00000, 0x0000000800000000)
  region size 2048K, 62 young (126976K), 2 survivors (4096K)
 Metaspace       used 57207K, capacity 57888K, committed 58112K, reserved 1099776K
  class space    used 6568K, capacity 6848K, committed 6912K, reserved 1048576K
}

